Determining if the pthread_create exist failed with the following output:
Change Dir: /home/dhrodriguezg/catkin_ws/src/teleop_arms/build/CMakeFiles/CMakeTmp

Run Build Command:/usr/bin/make "cmTryCompileExec2263798630/fast"
make[1]: Entering directory `/home/dhrodriguezg/catkin_ws/src/teleop_arms/build/CMakeFiles/CMakeTmp'
/usr/bin/make -f CMakeFiles/cmTryCompileExec2263798630.dir/build.make CMakeFiles/cmTryCompileExec2263798630.dir/build
make[2]: Entering directory `/home/dhrodriguezg/catkin_ws/src/teleop_arms/build/CMakeFiles/CMakeTmp'
/usr/bin/cmake -E cmake_progress_report /home/dhrodriguezg/catkin_ws/src/teleop_arms/build/CMakeFiles/CMakeTmp/CMakeFiles 1
Building C object CMakeFiles/cmTryCompileExec2263798630.dir/CheckSymbolExists.c.o
/usr/bin/cc    -o CMakeFiles/cmTryCompileExec2263798630.dir/CheckSymbolExists.c.o   -c /home/dhrodriguezg/catkin_ws/src/teleop_arms/build/CMakeFiles/CMakeTmp/CheckSymbolExists.c
Linking C executable cmTryCompileExec2263798630
/usr/bin/cmake -E cmake_link_script CMakeFiles/cmTryCompileExec2263798630.dir/link.txt --verbose=1
/usr/bin/cc       CMakeFiles/cmTryCompileExec2263798630.dir/CheckSymbolExists.c.o  -o cmTryCompileExec2263798630 -rdynamic 
CMakeFiles/cmTryCompileExec2263798630.dir/CheckSymbolExists.c.o: In function `main':
CheckSymbolExists.c:(.text+0x16): undefined reference to `pthread_create'
collect2: error: ld returned 1 exit status
make[2]: Leaving directory `/home/dhrodriguezg/catkin_ws/src/teleop_arms/build/CMakeFiles/CMakeTmp'
make[2]: *** [cmTryCompileExec2263798630] Error 1
make[1]: Leaving directory `/home/dhrodriguezg/catkin_ws/src/teleop_arms/build/CMakeFiles/CMakeTmp'
make[1]: *** [cmTryCompileExec2263798630/fast] Error 2

File /home/dhrodriguezg/catkin_ws/src/teleop_arms/build/CMakeFiles/CMakeTmp/CheckSymbolExists.c:
/* */
#include <pthread.h>

int main(int argc, char** argv)
{
  (void)argv;
#ifndef pthread_create
  return ((int*)(&pthread_create))[argc];
#else
  (void)argc;
  return 0;
#endif
}

Determining if the function pthread_create exists in the pthreads failed with the following output:
Change Dir: /home/dhrodriguezg/catkin_ws/src/teleop_arms/build/CMakeFiles/CMakeTmp

Run Build Command:/usr/bin/make "cmTryCompileExec1082009627/fast"
make[1]: Entering directory `/home/dhrodriguezg/catkin_ws/src/teleop_arms/build/CMakeFiles/CMakeTmp'
/usr/bin/make -f CMakeFiles/cmTryCompileExec1082009627.dir/build.make CMakeFiles/cmTryCompileExec1082009627.dir/build
make[2]: Entering directory `/home/dhrodriguezg/catkin_ws/src/teleop_arms/build/CMakeFiles/CMakeTmp'
/usr/bin/cmake -E cmake_progress_report /home/dhrodriguezg/catkin_ws/src/teleop_arms/build/CMakeFiles/CMakeTmp/CMakeFiles 1
Building C object CMakeFiles/cmTryCompileExec1082009627.dir/CheckFunctionExists.c.o
/usr/bin/cc   -DCHECK_FUNCTION_EXISTS=pthread_create   -o CMakeFiles/cmTryCompileExec1082009627.dir/CheckFunctionExists.c.o   -c /usr/share/cmake-2.8/Modules/CheckFunctionExists.c
Linking C executable cmTryCompileExec1082009627
/usr/bin/cmake -E cmake_link_script CMakeFiles/cmTryCompileExec1082009627.dir/link.txt --verbose=1
/usr/bin/cc   -DCHECK_FUNCTION_EXISTS=pthread_create    CMakeFiles/cmTryCompileExec1082009627.dir/CheckFunctionExists.c.o  -o cmTryCompileExec1082009627 -rdynamic -lpthreads 
/usr/bin/ld: cannot find -lpthreads
collect2: error: ld returned 1 exit status
make[2]: *** [cmTryCompileExec1082009627] Error 1
make[2]: Leaving directory `/home/dhrodriguezg/catkin_ws/src/teleop_arms/build/CMakeFiles/CMakeTmp'
make[1]: *** [cmTryCompileExec1082009627/fast] Error 2
make[1]: Leaving directory `/home/dhrodriguezg/catkin_ws/src/teleop_arms/build/CMakeFiles/CMakeTmp'


